[debug] [2023-02-26T12:04:16.199Z] ----------------------------------------------------------------------
[debug] [2023-02-26T12:04:16.201Z] Command:       C:\Program Files\nodejs\node.exe C:\Users\snutt\AppData\Roaming\npm\node_modules\firebase-tools\lib\bin\firebase.js init hosting
[debug] [2023-02-26T12:04:16.201Z] CLI Version:   11.24.0
[debug] [2023-02-26T12:04:16.201Z] Platform:      win32
[debug] [2023-02-26T12:04:16.201Z] Node Version:  v16.16.0
[debug] [2023-02-26T12:04:16.202Z] Time:          Sun Feb 26 2023 19:04:16 GMT+0700 (Indochina Time)
[debug] [2023-02-26T12:04:16.203Z] ----------------------------------------------------------------------
[debug] 
[debug] [2023-02-26T12:04:16.211Z] > command requires scopes: ["email","openid","https://www.googleapis.com/auth/cloudplatformprojects.readonly","https://www.googleapis.com/auth/firebase","https://www.googleapis.com/auth/cloud-platform"]
[debug] [2023-02-26T12:04:16.213Z] > authorizing via signed-in user (nuttakarngg@gmail.com)
[info] 
     ######## #### ########  ######## ########     ###     ######  ########
     ##        ##  ##     ## ##       ##     ##  ##   ##  ##       ##
     ######    ##  ########  ######   ########  #########  ######  ######
     ##        ##  ##    ##  ##       ##     ## ##     ##       ## ##
     ##       #### ##     ## ######## ########  ##     ##  ######  ########

You're about to initialize a Firebase project in this directory:

  D:\Project\demm

[info] 
=== Project Setup
[info] 
[info] First, let's associate this project directory with a Firebase project.
[info] You can create multiple project aliases by running firebase use --add, 
[info] but for now we'll just set up a default project.
[info] 
[debug] [2023-02-26T12:04:24.811Z] >>> [apiv2][query] GET https://firebase.googleapis.com/v1beta1/projects pageSize=100
[debug] [2023-02-26T12:04:25.566Z] <<< [apiv2][status] GET https://firebase.googleapis.com/v1beta1/projects 200
[debug] [2023-02-26T12:04:25.567Z] <<< [apiv2][body] GET https://firebase.googleapis.com/v1beta1/projects [omitted]
[info] i  Using project digital-meter-72a4d (digital meter) 
[info] 
=== Hosting Setup
